<?xml version="1.0" encoding="UTF-8"?>
<!-- Generated by org.testng.reporters.JUnitXMLReporter -->
<testsuite hostname="VQAEMB-NguyenHHK.local" ignored="0" name="Command line test" tests="6" failures="1" timestamp="2020-02-26T17:34:22 ICT" time="5.051" errors="0">
  <testcase name="testErrorCases" time="1.554" classname="actions.TestAPI"/>
  <testcase name="testNegativeCases" time="0.569" classname="actions.TestAPI"/>
  <testcase name="testNegativeCases" time="0.615" classname="actions.TestAPI">
    <failure type="java.lang.AssertionError" message="expected [201] but found [400]">
      <![CDATA[java.lang.AssertionError: expected [201] but found [400]
at actions.TestAPI.testNegativeCases(TestAPI.java:61)
at java.util.ArrayList.forEach(ArrayList.java:1257)
at actions.TestRunner.main(TestRunner.java:11)
... Removed 29 stack frames]]>
    </failure>
  </testcase> <!-- testNegativeCases -->
  <testcase name="testNegativeCases" time="0.614" classname="actions.TestAPI"/>
  <testcase name="testPositiveCases" time="0.616" classname="actions.TestAPI"/>
  <testcase name="testPositiveCases" time="0.61" classname="actions.TestAPI"/>
</testsuite> <!-- Command line test -->
